This file contains any messages produced by compilers while
running configure, to aid debugging if configure makes a mistake.

It was created by yskip configure 1.0, which was
generated by GNU Autoconf 2.63.  Invocation command line was

  $ configure --no-create --no-recursion

## --------- ##
## Platform. ##
## --------- ##

hostname = zdhdp09
uname -m = x86_64
uname -r = 2.6.32-431.el6.x86_64
uname -s = Linux
uname -v = #1 SMP Fri Nov 22 03:15:09 UTC 2013

/usr/bin/uname -p = unknown
/bin/uname -X     = unknown

/bin/arch              = x86_64
/usr/bin/arch -k       = unknown
/usr/convex/getsysinfo = unknown
/usr/bin/hostinfo      = unknown
/bin/machine           = unknown
/usr/bin/oslevel       = unknown
/bin/universe          = unknown

PATH: /root/anaconda3/bin
PATH: /root/anaconda3/bin
PATH: /usr/lib64/qt-3.3/bin
PATH: /usr/local/sbin
PATH: /usr/local/bin
PATH: /usr/sbin
PATH: /usr/bin
PATH: /sbin
PATH: /bin
PATH: /usr/games
PATH: /usr/local/mpich-install/bin
PATH: /usr/local/maven339/bin
PATH: /root/bin


## ----------- ##
## Core tests. ##
## ----------- ##

configure:2100: checking build system type
configure:2118: result: x86_64-unknown-linux-gnu
configure:2140: checking host system type
configure:2155: result: x86_64-unknown-linux-gnu
configure:2225: checking for gcc
configure:2241: found /usr/local/bin/gcc
configure:2252: result: gcc
configure:2484: checking for C compiler version
configure:2492: gcc --version >&5
gcc (GCC) 5.4.0
Copyright (C) 2015 Free Software Foundation, Inc.
This is free software; see the source for copying conditions.  There is NO
warranty; not even for MERCHANTABILITY or FITNESS FOR A PARTICULAR PURPOSE.

configure:2496: $? = 0
configure:2503: gcc -v >&5
Using built-in specs.
COLLECT_GCC=gcc
COLLECT_LTO_WRAPPER=/usr/local/libexec/gcc/x86_64-unknown-linux-gnu/5.4.0/lto-wrapper
Target: x86_64-unknown-linux-gnu
Configured with: ../configure --enable-checking=release --enable-language=c,c++ --disable-multilib
Thread model: posix
gcc version 5.4.0 (GCC) 
configure:2507: $? = 0
configure:2514: gcc -V >&5
gcc: error: unrecognized command line option '-V'
gcc: fatal error: no input files
compilation terminated.
configure:2518: $? = 1
configure:2541: checking for C compiler default output file name
configure:2563: gcc    conftest.c  >&5
configure:2567: $? = 0
configure:2605: result: a.out
configure:2624: checking whether the C compiler works
configure:2634: ./a.out
configure:2638: $? = 0
configure:2657: result: yes
configure:2664: checking whether we are cross compiling
configure:2666: result: no
configure:2669: checking for suffix of executables
configure:2676: gcc -o conftest    conftest.c  >&5
configure:2680: $? = 0
configure:2706: result: 
configure:2712: checking for suffix of object files
configure:2738: gcc -c   conftest.c >&5
configure:2742: $? = 0
configure:2767: result: o
configure:2771: checking whether we are using the GNU C compiler
configure:2800: gcc -c   conftest.c >&5
configure:2807: $? = 0
configure:2824: result: yes
configure:2833: checking whether gcc accepts -g
configure:2863: gcc -c -g  conftest.c >&5
configure:2870: $? = 0
configure:2971: result: yes
configure:2988: checking for gcc option to accept ISO C89
configure:3062: gcc  -c -g -O2  conftest.c >&5
configure:3069: $? = 0
configure:3092: result: none needed
configure:3110: checking for a sed that does not truncate output
configure:3176: result: /bin/sed
configure:3194: checking for grep that handles long lines and -e
configure:3254: result: /bin/grep
configure:3259: checking for egrep
configure:3323: result: /bin/grep -E
configure:3328: checking for fgrep
configure:3392: result: /bin/grep -F
configure:3427: checking for ld used by gcc
configure:3494: result: /usr/bin/ld
configure:3503: checking if the linker (/usr/bin/ld) is GNU ld
configure:3518: result: yes
configure:3530: checking for BSD- or MS-compatible name lister (nm)
configure:3579: result: /usr/bin/nm -B
configure:3697: checking the name lister (/usr/bin/nm -B) interface
configure:3704: gcc -c -g -O2  conftest.c >&5
configure:3707: /usr/bin/nm -B "conftest.o"
configure:3710: output
0000000000000000 B some_variable
configure:3717: result: BSD nm
configure:3720: checking whether ln -s works
configure:3724: result: yes
configure:3732: checking the maximum length of command line arguments
configure:3852: result: 1966080
configure:3869: checking whether the shell understands some XSI constructs
configure:3879: result: yes
configure:3883: checking whether the shell understands "+="
configure:3889: result: yes
configure:3924: checking for /usr/bin/ld option to reload object files
configure:3931: result: -r
configure:4000: checking for objdump
configure:4016: found /usr/bin/objdump
configure:4027: result: objdump
configure:4059: checking how to recognize dependent libraries
configure:4255: result: pass_all
configure:4315: checking for ar
configure:4331: found /usr/bin/ar
configure:4342: result: ar
configure:4420: checking for strip
configure:4436: found /usr/bin/strip
configure:4447: result: strip
configure:4519: checking for ranlib
configure:4535: found /usr/bin/ranlib
configure:4546: result: ranlib
configure:4636: checking command to parse /usr/bin/nm -B output from gcc object
configure:4754: gcc -c -g -O2  conftest.c >&5
configure:4757: $? = 0
configure:4761: /usr/bin/nm -B conftest.o \| sed -n -e 's/^.*[	 ]\([ABCDGIRSTW][ABCDGIRSTW]*\)[	 ][	 ]*\([_A-Za-z][_A-Za-z0-9]*\)$/\1 \2 \2/p' \> conftest.nm
configure:4764: $? = 0
configure:4818: gcc -o conftest -g -O2   conftest.c conftstm.o >&5
configure:4821: $? = 0
configure:4859: result: ok
configure:4955: gcc -c -g -O2  conftest.c >&5
configure:4958: $? = 0
configure:5726: checking how to run the C preprocessor
configure:5766: gcc -E  conftest.c
configure:5773: $? = 0
configure:5804: gcc -E  conftest.c
conftest.c:8:28: fatal error: ac_nonexistent.h: No such file or directory
compilation terminated.
configure:5811: $? = 1
configure: failed program was:
| /* confdefs.h.  */
| #define PACKAGE_NAME "yskip"
| #define PACKAGE_TARNAME "yskip"
| #define PACKAGE_VERSION "1.0"
| #define PACKAGE_STRING "yskip 1.0"
| /* end confdefs.h.  */
| #include <ac_nonexistent.h>
configure:5844: result: gcc -E
configure:5873: gcc -E  conftest.c
configure:5880: $? = 0
configure:5911: gcc -E  conftest.c
conftest.c:8:28: fatal error: ac_nonexistent.h: No such file or directory
compilation terminated.
configure:5918: $? = 1
configure: failed program was:
| /* confdefs.h.  */
| #define PACKAGE_NAME "yskip"
| #define PACKAGE_TARNAME "yskip"
| #define PACKAGE_VERSION "1.0"
| #define PACKAGE_STRING "yskip 1.0"
| /* end confdefs.h.  */
| #include <ac_nonexistent.h>
configure:5958: checking for ANSI C header files
configure:5988: gcc -c -g -O2  conftest.c >&5
configure:5995: $? = 0
configure:6094: gcc -o conftest -g -O2   conftest.c  >&5
configure:6098: $? = 0
configure:6104: ./conftest
configure:6108: $? = 0
configure:6126: result: yes
configure:6150: checking for sys/types.h
configure:6171: gcc -c -g -O2  conftest.c >&5
configure:6178: $? = 0
configure:6195: result: yes
configure:6150: checking for sys/stat.h
configure:6171: gcc -c -g -O2  conftest.c >&5
configure:6178: $? = 0
configure:6195: result: yes
configure:6150: checking for stdlib.h
configure:6171: gcc -c -g -O2  conftest.c >&5
configure:6178: $? = 0
configure:6195: result: yes
configure:6150: checking for string.h
configure:6171: gcc -c -g -O2  conftest.c >&5
configure:6178: $? = 0
configure:6195: result: yes
configure:6150: checking for memory.h
configure:6171: gcc -c -g -O2  conftest.c >&5
configure:6178: $? = 0
configure:6195: result: yes
configure:6150: checking for strings.h
configure:6171: gcc -c -g -O2  conftest.c >&5
configure:6178: $? = 0
configure:6195: result: yes
configure:6150: checking for inttypes.h
configure:6171: gcc -c -g -O2  conftest.c >&5
configure:6178: $? = 0
configure:6195: result: yes
configure:6150: checking for stdint.h
configure:6171: gcc -c -g -O2  conftest.c >&5
configure:6178: $? = 0
configure:6195: result: yes
configure:6150: checking for unistd.h
configure:6171: gcc -c -g -O2  conftest.c >&5
configure:6178: $? = 0
configure:6195: result: yes
configure:6213: checking for dlfcn.h
configure:6234: gcc -c -g -O2  conftest.c >&5
configure:6241: $? = 0
configure:6258: result: yes
configure:6444: checking for objdir
configure:6459: result: .libs
configure:6751: checking if gcc supports -fno-rtti -fno-exceptions
configure:6769: gcc -c -g -O2  -fno-rtti -fno-exceptions conftest.c >&5
cc1: warning: command line option '-fno-rtti' is valid for C++/ObjC++ but not for C
configure:6773: $? = 0
configure:6786: result: no
configure:6806: checking for gcc option to produce PIC
configure:7078: result: -fPIC -DPIC
configure:7090: checking if gcc PIC flag -fPIC -DPIC works
configure:7108: gcc -c -g -O2  -fPIC -DPIC -DPIC conftest.c >&5
configure:7112: $? = 0
configure:7125: result: yes
configure:7149: checking if gcc static flag -static works
configure:7177: result: yes
configure:7192: checking if gcc supports -c -o file.o
configure:7213: gcc -c -g -O2  -o out/conftest2.o conftest.c >&5
configure:7217: $? = 0
configure:7239: result: yes
configure:7247: checking if gcc supports -c -o file.o
configure:7294: result: yes
configure:7327: checking whether the gcc linker (/usr/bin/ld -m elf_x86_64) supports shared libraries
configure:8401: result: yes
configure:8438: checking whether -lc should be explicitly linked in
configure:8443: gcc -c -g -O2  conftest.c >&5
configure:8446: $? = 0
configure:8461: gcc -shared conftest.o  -v -Wl,-soname -Wl,conftest -o conftest 2\>\&1 \| /bin/grep  -lc  \>/dev/null 2\>\&1
configure:8464: $? = 0
configure:8476: result: no
configure:8640: checking dynamic linker characteristics
configure:9083: gcc -o conftest -g -O2   -Wl,-rpath -Wl,/foo conftest.c  >&5
configure:9090: $? = 0
configure:9326: result: GNU/Linux ld.so
configure:9428: checking how to hardcode library paths into programs
configure:9453: result: immediate
configure:10286: checking whether stripping libraries is possible
configure:10291: result: yes
configure:10326: checking if libtool supports shared libraries
configure:10328: result: yes
configure:10331: checking whether to build shared libraries
configure:10352: result: yes
configure:10355: checking whether to build static libraries
configure:10359: result: yes
configure:10410: checking for a BSD-compatible install
configure:10478: result: /usr/bin/install -c
configure:10489: checking whether build environment is sane
configure:10549: result: yes
configure:10690: checking for a thread-safe mkdir -p
configure:10729: result: /bin/mkdir -p
configure:10742: checking for gawk
configure:10758: found /usr/bin/gawk
configure:10769: result: gawk
configure:10780: checking whether make sets $(MAKE)
configure:10802: result: yes
configure:10832: checking for style of include used by make
configure:10860: result: GNU
configure:10947: checking dependency style of gcc
configure:11057: result: gcc3
configure:11133: checking for g++
configure:11149: found /usr/local/bin/g++
configure:11160: result: g++
configure:11187: checking for C++ compiler version
configure:11195: g++ --version >&5
g++ (GCC) 5.4.0
Copyright (C) 2015 Free Software Foundation, Inc.
This is free software; see the source for copying conditions.  There is NO
warranty; not even for MERCHANTABILITY or FITNESS FOR A PARTICULAR PURPOSE.

configure:11199: $? = 0
configure:11206: g++ -v >&5
Using built-in specs.
COLLECT_GCC=g++
COLLECT_LTO_WRAPPER=/usr/local/libexec/gcc/x86_64-unknown-linux-gnu/5.4.0/lto-wrapper
Target: x86_64-unknown-linux-gnu
Configured with: ../configure --enable-checking=release --enable-language=c,c++ --disable-multilib
Thread model: posix
gcc version 5.4.0 (GCC) 
configure:11210: $? = 0
configure:11217: g++ -V >&5
g++: error: unrecognized command line option '-V'
g++: fatal error: no input files
compilation terminated.
configure:11221: $? = 1
configure:11224: checking whether we are using the GNU C++ compiler
configure:11253: g++ -c   conftest.cpp >&5
configure:11260: $? = 0
configure:11277: result: yes
configure:11286: checking whether g++ accepts -g
configure:11316: g++ -c -g  conftest.cpp >&5
configure:11323: $? = 0
configure:11424: result: yes
configure:11560: checking for C++ compiler version
configure:11568: g++ --version >&5
g++ (GCC) 5.4.0
Copyright (C) 2015 Free Software Foundation, Inc.
This is free software; see the source for copying conditions.  There is NO
warranty; not even for MERCHANTABILITY or FITNESS FOR A PARTICULAR PURPOSE.

configure:11572: $? = 0
configure:11579: g++ -v >&5
Using built-in specs.
COLLECT_GCC=g++
COLLECT_LTO_WRAPPER=/usr/local/libexec/gcc/x86_64-unknown-linux-gnu/5.4.0/lto-wrapper
Target: x86_64-unknown-linux-gnu
Configured with: ../configure --enable-checking=release --enable-language=c,c++ --disable-multilib
Thread model: posix
gcc version 5.4.0 (GCC) 
configure:11583: $? = 0
configure:11590: g++ -V >&5
g++: error: unrecognized command line option '-V'
g++: fatal error: no input files
compilation terminated.
configure:11594: $? = 1
configure:11597: checking whether we are using the GNU C++ compiler
configure:11650: result: yes
configure:11659: checking whether g++ accepts -g
configure:11797: result: yes
configure:11822: checking dependency style of g++
configure:11932: result: gcc3
configure:11955: checking how to run the C++ preprocessor
configure:11991: g++ -E  conftest.cpp
configure:11998: $? = 0
configure:12029: g++ -E  conftest.cpp
conftest.cpp:22:28: fatal error: ac_nonexistent.h: No such file or directory
compilation terminated.
configure:12036: $? = 1
configure: failed program was:
| /* confdefs.h.  */
| #define PACKAGE_NAME "yskip"
| #define PACKAGE_TARNAME "yskip"
| #define PACKAGE_VERSION "1.0"
| #define PACKAGE_STRING "yskip 1.0"
| #define STDC_HEADERS 1
| #define HAVE_SYS_TYPES_H 1
| #define HAVE_SYS_STAT_H 1
| #define HAVE_STDLIB_H 1
| #define HAVE_STRING_H 1
| #define HAVE_MEMORY_H 1
| #define HAVE_STRINGS_H 1
| #define HAVE_INTTYPES_H 1
| #define HAVE_STDINT_H 1
| #define HAVE_UNISTD_H 1
| #define HAVE_DLFCN_H 1
| #define LT_OBJDIR ".libs/"
| #define PACKAGE "yskip"
| #define VERSION "1.0"
| /* end confdefs.h.  */
| #include <ac_nonexistent.h>
configure:12069: result: g++ -E
configure:12098: g++ -E  conftest.cpp
configure:12105: $? = 0
configure:12136: g++ -E  conftest.cpp
conftest.cpp:22:28: fatal error: ac_nonexistent.h: No such file or directory
compilation terminated.
configure:12143: $? = 1
configure: failed program was:
| /* confdefs.h.  */
| #define PACKAGE_NAME "yskip"
| #define PACKAGE_TARNAME "yskip"
| #define PACKAGE_VERSION "1.0"
| #define PACKAGE_STRING "yskip 1.0"
| #define STDC_HEADERS 1
| #define HAVE_SYS_TYPES_H 1
| #define HAVE_SYS_STAT_H 1
| #define HAVE_STDLIB_H 1
| #define HAVE_STRING_H 1
| #define HAVE_MEMORY_H 1
| #define HAVE_STRINGS_H 1
| #define HAVE_INTTYPES_H 1
| #define HAVE_STDINT_H 1
| #define HAVE_UNISTD_H 1
| #define HAVE_DLFCN_H 1
| #define LT_OBJDIR ".libs/"
| #define PACKAGE "yskip"
| #define VERSION "1.0"
| /* end confdefs.h.  */
| #include <ac_nonexistent.h>
configure:12319: checking for ld used by g++
configure:12386: result: /usr/bin/ld -m elf_x86_64
configure:12395: checking if the linker (/usr/bin/ld -m elf_x86_64) is GNU ld
configure:12410: result: yes
configure:12465: checking whether the g++ linker (/usr/bin/ld -m elf_x86_64) supports shared libraries
configure:13440: result: yes
configure:13468: g++ -c -g -O2  conftest.cpp >&5
configure:13471: $? = 0
configure:13653: checking for g++ option to produce PIC
configure:13970: result: -fPIC -DPIC
configure:13979: checking if g++ PIC flag -fPIC -DPIC works
configure:13997: g++ -c -g -O2  -fPIC -DPIC -DPIC conftest.cpp >&5
configure:14001: $? = 0
configure:14014: result: yes
configure:14035: checking if g++ static flag -static works
configure:14063: result: yes
configure:14075: checking if g++ supports -c -o file.o
configure:14096: g++ -c -g -O2  -o out/conftest2.o conftest.cpp >&5
configure:14100: $? = 0
configure:14122: result: yes
configure:14127: checking if g++ supports -c -o file.o
configure:14174: result: yes
configure:14204: checking whether the g++ linker (/usr/bin/ld -m elf_x86_64) supports shared libraries
configure:14230: result: yes
configure:14367: checking dynamic linker characteristics
configure:14758: g++ -o conftest -g -O2   -Wl,-rpath -Wl,/foo conftest.cpp  >&5
configure:14765: $? = 0
configure:15001: result: GNU/Linux ld.so
configure:15052: checking how to hardcode library paths into programs
configure:15077: result: immediate
configure:15118: checking dependency style of g++
configure:15228: result: gcc3
configure:15291: checking for gcc
configure:15318: result: gcc
configure:15550: checking for C compiler version
configure:15558: gcc --version >&5
gcc (GCC) 5.4.0
Copyright (C) 2015 Free Software Foundation, Inc.
This is free software; see the source for copying conditions.  There is NO
warranty; not even for MERCHANTABILITY or FITNESS FOR A PARTICULAR PURPOSE.

configure:15562: $? = 0
configure:15569: gcc -v >&5
Using built-in specs.
COLLECT_GCC=gcc
COLLECT_LTO_WRAPPER=/usr/local/libexec/gcc/x86_64-unknown-linux-gnu/5.4.0/lto-wrapper
Target: x86_64-unknown-linux-gnu
Configured with: ../configure --enable-checking=release --enable-language=c,c++ --disable-multilib
Thread model: posix
gcc version 5.4.0 (GCC) 
configure:15573: $? = 0
configure:15580: gcc -V >&5
gcc: error: unrecognized command line option '-V'
gcc: fatal error: no input files
compilation terminated.
configure:15584: $? = 1
configure:15587: checking whether we are using the GNU C compiler
configure:15640: result: yes
configure:15649: checking whether gcc accepts -g
configure:15787: result: yes
configure:15804: checking for gcc option to accept ISO C89
configure:15908: result: none needed
configure:16077: creating ./config.status

## ---------------- ##
## Cache variables. ##
## ---------------- ##

ac_cv_build=x86_64-unknown-linux-gnu
ac_cv_c_compiler_gnu=yes
ac_cv_cxx_compiler_gnu=yes
ac_cv_env_CCC_set=
ac_cv_env_CCC_value=
ac_cv_env_CC_set=
ac_cv_env_CC_value=
ac_cv_env_CFLAGS_set=
ac_cv_env_CFLAGS_value=
ac_cv_env_CPPFLAGS_set=
ac_cv_env_CPPFLAGS_value=
ac_cv_env_CPP_set=
ac_cv_env_CPP_value=
ac_cv_env_CXXCPP_set=
ac_cv_env_CXXCPP_value=
ac_cv_env_CXXFLAGS_set=
ac_cv_env_CXXFLAGS_value=
ac_cv_env_CXX_set=
ac_cv_env_CXX_value=
ac_cv_env_LDFLAGS_set=
ac_cv_env_LDFLAGS_value=
ac_cv_env_LIBS_set=
ac_cv_env_LIBS_value=
ac_cv_env_build_alias_set=
ac_cv_env_build_alias_value=
ac_cv_env_host_alias_set=
ac_cv_env_host_alias_value=
ac_cv_env_target_alias_set=
ac_cv_env_target_alias_value=
ac_cv_header_dlfcn_h=yes
ac_cv_header_inttypes_h=yes
ac_cv_header_memory_h=yes
ac_cv_header_stdc=yes
ac_cv_header_stdint_h=yes
ac_cv_header_stdlib_h=yes
ac_cv_header_string_h=yes
ac_cv_header_strings_h=yes
ac_cv_header_sys_stat_h=yes
ac_cv_header_sys_types_h=yes
ac_cv_header_unistd_h=yes
ac_cv_host=x86_64-unknown-linux-gnu
ac_cv_objext=o
ac_cv_path_EGREP='/bin/grep -E'
ac_cv_path_FGREP='/bin/grep -F'
ac_cv_path_GREP=/bin/grep
ac_cv_path_SED=/bin/sed
ac_cv_path_install='/usr/bin/install -c'
ac_cv_path_mkdir=/bin/mkdir
ac_cv_prog_AWK=gawk
ac_cv_prog_CPP='gcc -E'
ac_cv_prog_CXXCPP='g++ -E'
ac_cv_prog_ac_ct_AR=ar
ac_cv_prog_ac_ct_CC=gcc
ac_cv_prog_ac_ct_CXX=g++
ac_cv_prog_ac_ct_OBJDUMP=objdump
ac_cv_prog_ac_ct_RANLIB=ranlib
ac_cv_prog_ac_ct_STRIP=strip
ac_cv_prog_cc_c89=
ac_cv_prog_cc_g=yes
ac_cv_prog_cxx_g=yes
ac_cv_prog_make_make_set=yes
am_cv_CC_dependencies_compiler_type=gcc3
am_cv_CXX_dependencies_compiler_type=gcc3
lt_cv_deplibs_check_method=pass_all
lt_cv_file_magic_cmd='$MAGIC_CMD'
lt_cv_file_magic_test_file=
lt_cv_ld_reload_flag=-r
lt_cv_nm_interface='BSD nm'
lt_cv_objdir=.libs
lt_cv_path_LD=/usr/bin/ld
lt_cv_path_LDCXX='/usr/bin/ld -m elf_x86_64'
lt_cv_path_NM='/usr/bin/nm -B'
lt_cv_prog_compiler_c_o=yes
lt_cv_prog_compiler_c_o_CXX=yes
lt_cv_prog_compiler_pic_works=yes
lt_cv_prog_compiler_pic_works_CXX=yes
lt_cv_prog_compiler_rtti_exceptions=no
lt_cv_prog_compiler_static_works=yes
lt_cv_prog_compiler_static_works_CXX=yes
lt_cv_prog_gnu_ld=yes
lt_cv_prog_gnu_ldcxx=yes
lt_cv_sys_global_symbol_pipe='sed -n -e '\''s/^.*[	 ]\([ABCDGIRSTW][ABCDGIRSTW]*\)[	 ][	 ]*\([_A-Za-z][_A-Za-z0-9]*\)$/\1 \2 \2/p'\'''
lt_cv_sys_global_symbol_to_c_name_address='sed -n -e '\''s/^: \([^ ]*\) $/  {\"\1\", (void *) 0},/p'\'' -e '\''s/^[ABCDGIRSTW]* \([^ ]*\) \([^ ]*\)$/  {"\2", (void *) \&\2},/p'\'''
lt_cv_sys_global_symbol_to_c_name_address_lib_prefix='sed -n -e '\''s/^: \([^ ]*\) $/  {\"\1\", (void *) 0},/p'\'' -e '\''s/^[ABCDGIRSTW]* \([^ ]*\) \(lib[^ ]*\)$/  {"\2", (void *) \&\2},/p'\'' -e '\''s/^[ABCDGIRSTW]* \([^ ]*\) \([^ ]*\)$/  {"lib\2", (void *) \&\2},/p'\'''
lt_cv_sys_global_symbol_to_cdecl='sed -n -e '\''s/^T .* \(.*\)$/extern int \1();/p'\'' -e '\''s/^[ABCDGIRSTW]* .* \(.*\)$/extern char \1;/p'\'''
lt_cv_sys_max_cmd_len=1966080

## ----------------- ##
## Output variables. ##
## ----------------- ##

ACLOCAL='${SHELL} /root/IF/g_yskip/yskip/missing --run aclocal-1.11'
AMDEPBACKSLASH='\'
AMDEP_FALSE='#'
AMDEP_TRUE=''
AMTAR='${SHELL} /root/IF/g_yskip/yskip/missing --run tar'
AR='ar'
AUTOCONF='${SHELL} /root/IF/g_yskip/yskip/missing --run autoconf'
AUTOHEADER='${SHELL} /root/IF/g_yskip/yskip/missing --run autoheader'
AUTOMAKE='${SHELL} /root/IF/g_yskip/yskip/missing --run automake-1.11'
AWK='gawk'
CC='gcc'
CCDEPMODE='depmode=gcc3'
CFLAGS='-g -O2'
CPP='gcc -E'
CPPFLAGS=''
CXX='g++'
CXXCPP='g++ -E'
CXXDEPMODE='depmode=gcc3'
CXXFLAGS='-std=c++0x -O3 -funroll-loops -pthread'
CYGPATH_W='echo'
DEFS='-DHAVE_CONFIG_H'
DEPDIR='.deps'
DSYMUTIL=''
DUMPBIN=''
ECHO_C=''
ECHO_N='-n'
ECHO_T=''
EGREP='/bin/grep -E'
EXEEXT=''
FGREP='/bin/grep -F'
GREP='/bin/grep'
INSTALL_DATA='${INSTALL} -m 644'
INSTALL_PROGRAM='${INSTALL}'
INSTALL_SCRIPT='${INSTALL}'
INSTALL_STRIP_PROGRAM='$(install_sh) -c -s'
LD='/usr/bin/ld -m elf_x86_64'
LDFLAGS=''
LIBOBJS=''
LIBS=''
LIBTOOL='$(SHELL) $(top_builddir)/libtool'
LIPO=''
LN_S='ln -s'
LTLIBOBJS=''
MAKEINFO='${SHELL} /root/IF/g_yskip/yskip/missing --run makeinfo'
MKDIR_P='/bin/mkdir -p'
NM='/usr/bin/nm -B'
NMEDIT=''
OBJDUMP='objdump'
OBJEXT='o'
OTOOL64=''
OTOOL=''
PACKAGE='yskip'
PACKAGE_NAME='yskip'
PACKAGE_STRING='yskip 1.0'
PACKAGE_TARNAME='yskip'
PACKAGE_VERSION='1.0'
PATH_SEPARATOR=':'
RANLIB='ranlib'
SED='/bin/sed'
SET_MAKE=''
SHELL='/bin/sh'
STRIP='strip'
VERSION='1.0'
ac_ct_CC='gcc'
ac_ct_CXX='g++'
ac_ct_DUMPBIN=''
am__EXEEXT_FALSE=''
am__EXEEXT_TRUE='#'
am__fastdepCC_FALSE='#'
am__fastdepCC_TRUE=''
am__fastdepCXX_FALSE='#'
am__fastdepCXX_TRUE=''
am__include='include'
am__isrc=''
am__leading_dot='.'
am__quote=''
am__tar='${AMTAR} chof - "$$tardir"'
am__untar='${AMTAR} xf -'
bindir='${exec_prefix}/bin'
build='x86_64-unknown-linux-gnu'
build_alias=''
build_cpu='x86_64'
build_os='linux-gnu'
build_vendor='unknown'
datadir='${datarootdir}'
datarootdir='${prefix}/share'
docdir='${datarootdir}/doc/${PACKAGE_TARNAME}'
dvidir='${docdir}'
exec_prefix='${prefix}'
host='x86_64-unknown-linux-gnu'
host_alias=''
host_cpu='x86_64'
host_os='linux-gnu'
host_vendor='unknown'
htmldir='${docdir}'
includedir='${prefix}/include'
infodir='${datarootdir}/info'
install_sh='${SHELL} /root/IF/g_yskip/yskip/install-sh'
libdir='${exec_prefix}/lib'
libexecdir='${exec_prefix}/libexec'
localedir='${datarootdir}/locale'
localstatedir='${prefix}/var'
lt_ECHO='echo'
mandir='${datarootdir}/man'
mkdir_p='/bin/mkdir -p'
oldincludedir='/usr/include'
pdfdir='${docdir}'
prefix='/usr/local'
program_transform_name='s,x,x,'
psdir='${docdir}'
sbindir='${exec_prefix}/sbin'
sharedstatedir='${prefix}/com'
sysconfdir='${prefix}/etc'
target_alias=''

## ----------- ##
## confdefs.h. ##
## ----------- ##

#define PACKAGE_NAME "yskip"
#define PACKAGE_TARNAME "yskip"
#define PACKAGE_VERSION "1.0"
#define PACKAGE_STRING "yskip 1.0"
#define STDC_HEADERS 1
#define HAVE_SYS_TYPES_H 1
#define HAVE_SYS_STAT_H 1
#define HAVE_STDLIB_H 1
#define HAVE_STRING_H 1
#define HAVE_MEMORY_H 1
#define HAVE_STRINGS_H 1
#define HAVE_INTTYPES_H 1
#define HAVE_STDINT_H 1
#define HAVE_UNISTD_H 1
#define HAVE_DLFCN_H 1
#define LT_OBJDIR ".libs/"
#define PACKAGE "yskip"
#define VERSION "1.0"

configure: exit 0

## ---------------------- ##
## Running config.status. ##
## ---------------------- ##

This file was extended by yskip config.status 1.0, which was
generated by GNU Autoconf 2.63.  Invocation command line was

  CONFIG_FILES    = 
  CONFIG_HEADERS  = 
  CONFIG_LINKS    = 
  CONFIG_COMMANDS = 
  $ ./config.status 

on zdhdp09

config.status:1047: creating Makefile
config.status:1047: creating src/Makefile
config.status:1047: creating test/Makefile
config.status:1047: creating config.h
config.status:1321: executing libtool commands
config.status:1321: executing depfiles commands

## ---------------------- ##
## Running config.status. ##
## ---------------------- ##

This file was extended by yskip config.status 1.0, which was
generated by GNU Autoconf 2.63.  Invocation command line was

  CONFIG_FILES    = 
  CONFIG_HEADERS  = 
  CONFIG_LINKS    = 
  CONFIG_COMMANDS = 
  $ ./config.status config.h

on zdhdp09

config.status:1047: creating config.h
